{"C:\\Users\\Lennox\\Downloads\\student_seed_repo_week_1_3\\src\\index.js": {"path":"C:\\Users\\Lennox\\Downloads\\student_seed_repo_week_1_3\\src\\index.js","statementMap":{"0":{"start":{"line":4,"column":17},"end":{"line":8,"column":3}},"1":{"start":{"line":11,"column":2},"end":{"line":11,"column":41}},"2":{"start":{"line":13,"column":2},"end":{"line":13,"column":16}}},"fnMap":{"0":{"name":"runExample","decl":{"start":{"line":3,"column":16},"end":{"line":3,"column":26}},"loc":{"start":{"line":3,"column":29},"end":{"line":14,"column":1}},"line":3}},"branchMap":{},"s":{"0":4,"1":4,"2":4},"f":{"0":4},"b":{},"inputSourceMap":null,"_coverageSchema":"1a1c01bbd47fc00a2c39e90264f33305004495a9","hash":"c60850e6fc9dd2e3929060d2bf1f2d90aa082baf"}
,"C:\\Users\\Lennox\\Downloads\\student_seed_repo_week_1_3\\src\\script.js": {"path":"C:\\Users\\Lennox\\Downloads\\student_seed_repo_week_1_3\\src\\script.js","statementMap":{"0":{"start":{"line":3,"column":12},"end":{"line":3,"column":24}},"1":{"start":{"line":5,"column":0},"end":{"line":5,"column":26}}},"fnMap":{},"branchMap":{},"s":{"0":1,"1":1},"f":{},"b":{},"inputSourceMap":null,"_coverageSchema":"1a1c01bbd47fc00a2c39e90264f33305004495a9","hash":"981672066e33c5d7cdc009e1f234591a2ce5cb7a"}
,"C:\\Users\\Lennox\\Downloads\\student_seed_repo_week_1_3\\src\\lib\\utils.js": {"path":"C:\\Users\\Lennox\\Downloads\\student_seed_repo_week_1_3\\src\\lib\\utils.js","statementMap":{"0":{"start":{"line":2,"column":2},"end":{"line":3,"column":47}},"1":{"start":{"line":3,"column":4},"end":{"line":3,"column":47}},"2":{"start":{"line":4,"column":2},"end":{"line":4,"column":15}},"3":{"start":{"line":8,"column":12},"end":{"line":8,"column":37}},"4":{"start":{"line":9,"column":2},"end":{"line":9,"column":39}},"5":{"start":{"line":13,"column":2},"end":{"line":13,"column":27}},"6":{"start":{"line":13,"column":15},"end":{"line":13,"column":27}},"7":{"start":{"line":14,"column":2},"end":{"line":14,"column":15}}},"fnMap":{"0":{"name":"add","decl":{"start":{"line":1,"column":16},"end":{"line":1,"column":19}},"loc":{"start":{"line":1,"column":26},"end":{"line":5,"column":1}},"line":1},"1":{"name":"greet","decl":{"start":{"line":7,"column":16},"end":{"line":7,"column":21}},"loc":{"start":{"line":7,"column":28},"end":{"line":10,"column":1}},"line":7},"2":{"name":"safeDivide","decl":{"start":{"line":12,"column":16},"end":{"line":12,"column":26}},"loc":{"start":{"line":12,"column":33},"end":{"line":15,"column":1}},"line":12}},"branchMap":{"0":{"loc":{"start":{"line":2,"column":2},"end":{"line":3,"column":47}},"type":"if","locations":[{"start":{"line":2,"column":2},"end":{"line":3,"column":47}},{"start":{},"end":{}}],"line":2},"1":{"loc":{"start":{"line":2,"column":6},"end":{"line":2,"column":52}},"type":"binary-expr","locations":[{"start":{"line":2,"column":6},"end":{"line":2,"column":27}},{"start":{"line":2,"column":31},"end":{"line":2,"column":52}}],"line":2},"2":{"loc":{"start":{"line":8,"column":19},"end":{"line":8,"column":29}},"type":"binary-expr","locations":[{"start":{"line":8,"column":19},"end":{"line":8,"column":23}},{"start":{"line":8,"column":27},"end":{"line":8,"column":29}}],"line":8},"3":{"loc":{"start":{"line":9,"column":9},"end":{"line":9,"column":38}},"type":"cond-expr","locations":[{"start":{"line":9,"column":13},"end":{"line":9,"column":27}},{"start":{"line":9,"column":30},"end":{"line":9,"column":38}}],"line":9},"4":{"loc":{"start":{"line":13,"column":2},"end":{"line":13,"column":27}},"type":"if","locations":[{"start":{"line":13,"column":2},"end":{"line":13,"column":27}},{"start":{},"end":{}}],"line":13}},"s":{"0":6,"1":1,"2":5,"3":6,"4":6,"5":6,"6":1,"7":5},"f":{"0":6,"1":6,"2":6},"b":{"0":[1,5],"1":[6,5],"2":[6,1],"3":[5,1],"4":[1,5]},"inputSourceMap":null,"_coverageSchema":"1a1c01bbd47fc00a2c39e90264f33305004495a9","hash":"706c5f45577d635dc3a827f125a3ce2158fe3a41"}
}
