TN:
SF:src\index.js
FN:3,runExample
FNF:1
FNH:1
FNDA:4,runExample
DA:4,4
DA:11,4
DA:13,4
LF:3
LH:3
BRF:0
BRH:0
end_of_record
TN:
SF:src\script.js
FNF:0
FNH:0
DA:3,1
DA:5,1
LF:2
LH:2
BRF:0
BRH:0
end_of_record
TN:
SF:src\lib\utils.js
FN:1,add
FN:7,greet
FN:12,safeDivide
FNF:3
FNH:3
FNDA:6,add
FNDA:6,greet
FNDA:6,safeDivide
DA:2,6
DA:3,1
DA:4,5
DA:8,6
DA:9,6
DA:13,6
DA:14,5
LF:7
LH:7
BRDA:2,0,0,1
BRDA:2,0,1,5
BRDA:2,1,0,6
BRDA:2,1,1,5
BRDA:8,2,0,6
BRDA:8,2,1,1
BRDA:9,3,0,5
BRDA:9,3,1,1
BRDA:13,4,0,1
BRDA:13,4,1,5
BRF:10
BRH:10
end_of_record
